1691937885408	geckodriver	INFO	Listening on 127.0.0.1:51991
1691937885434	mozrunner::runner	INFO	Running command: MOZ_CRASHREPORTER="1" MOZ_CRASHREPORTER_NO_REPORT="1" MOZ_CRASHREPORTER_SHUTDOWN="1" MOZ_NO_REMOTE="1" "/usr ... te" "--remote-debugging-port" "46341" "--remote-allow-hosts" "localhost" "-no-remote" "-profile" "/tmp/rust_mozprofile48gaAd"
console.warn: services.settings: Ignoring preference override of remote settings server
console.warn: services.settings: Allow by setting MOZ_REMOTE_SETTINGS_DEVTOOLS=1 in the environment

(firefox:80682): Gtk-WARNING **: 20:14:45.662: Theme directory app/symbolic of theme HALO has no size field


(firefox:80682): Gtk-WARNING **: 20:14:45.662: Theme directory minetypes/symbolic of theme HALO has no size field


(firefox:80682): Gtk-WARNING **: 20:14:45.662: Theme directory places/16 of theme HALO has no size field


(firefox:80682): Gtk-WARNING **: 20:14:45.662: Theme directory places/22 of theme HALO has no size field


(firefox:80682): Gtk-WARNING **: 20:14:45.674: Theme file for Breeze has no directories
[GFX1-]: vaapitest: ERROR
[GFX1-]: vaapitest: VA-API test failed: failed to initialise VAAPI connection.

ATTENTION: default value of option mesa_glthread overridden by environment.
ATTENTION: default value of option mesa_glthread overridden by environment.
ATTENTION: default value of option mesa_glthread overridden by environment.
1691937886010	Marionette	INFO	Marionette enabled
1691937886077	Marionette	INFO	Listening on port 39505
WebDriver BiDi listening on ws://127.0.0.1:46341
Read port: 39505
1691937886218	RemoteAgent	WARN	TLS certificate errors will be ignored for this session
console.error: ({})
DevTools listening on ws://127.0.0.1:46341/devtools/browser/b7ace3cd-3dd0-4d1f-86b1-e022bff3d267
console.warn: LoginRecipes: "Falling back to a synchronous message for: https://results.puexam.in."
JavaScript error: https://results.puexam.in/HomePage.aspx line 1 > injectedScript, line 5: ReferenceError: i is not defined
JavaScript error: https://results.puexam.in/EntranceHome2023.aspx line 1 > injectedScript, line 5: ReferenceError: i is not defined
console.warn: LoginRecipes: "Falling back to a synchronous message for: https://results.puexam.in."
console.warn: LoginRecipes: "Falling back to a synchronous message for: https://results.puexam.in."
console.error: "update.locale" " file doesn't exist in either the application or GRE directories"
1691938144912	geckodriver	INFO	Listening on 127.0.0.1:55025
1691938144936	mozrunner::runner	INFO	Running command: MOZ_CRASHREPORTER="1" MOZ_CRASHREPORTER_NO_REPORT="1" MOZ_CRASHREPORTER_SHUTDOWN="1" MOZ_NO_REMOTE="1" "/usr ... te" "--remote-debugging-port" "56841" "--remote-allow-hosts" "localhost" "-no-remote" "-profile" "/tmp/rust_mozprofileA5WNmf"
console.warn: services.settings: Ignoring preference override of remote settings server
console.warn: services.settings: Allow by setting MOZ_REMOTE_SETTINGS_DEVTOOLS=1 in the environment

(firefox:81998): Gtk-WARNING **: 20:19:05.111: Theme directory app/symbolic of theme HALO has no size field


(firefox:81998): Gtk-WARNING **: 20:19:05.111: Theme directory minetypes/symbolic of theme HALO has no size field


(firefox:81998): Gtk-WARNING **: 20:19:05.111: Theme directory places/16 of theme HALO has no size field


(firefox:81998): Gtk-WARNING **: 20:19:05.111: Theme directory places/22 of theme HALO has no size field


(firefox:81998): Gtk-WARNING **: 20:19:05.121: Theme file for Breeze has no directories
[GFX1-]: vaapitest: ERROR
[GFX1-]: vaapitest: VA-API test failed: failed to initialise VAAPI connection.

ATTENTION: default value of option mesa_glthread overridden by environment.
ATTENTION: default value of option mesa_glthread overridden by environment.
ATTENTION: default value of option mesa_glthread overridden by environment.
1691938145485	Marionette	INFO	Marionette enabled
1691938145544	Marionette	INFO	Listening on port 34987
WebDriver BiDi listening on ws://127.0.0.1:56841
Read port: 34987
1691938145673	RemoteAgent	WARN	TLS certificate errors will be ignored for this session
console.error: ({})
DevTools listening on ws://127.0.0.1:56841/devtools/browser/d640e037-d37d-4057-bede-7e02b6aded7e
console.warn: LoginRecipes: "Falling back to a synchronous message for: https://results.puexam.in."
JavaScript error: https://results.puexam.in/HomePage.aspx line 1 > injectedScript, line 5: ReferenceError: i is not defined
JavaScript error: https://results.puexam.in/EntranceHome2023.aspx line 1 > injectedScript, line 5: ReferenceError: i is not defined
console.warn: LoginRecipes: "Falling back to a synchronous message for: https://results.puexam.in."
console.warn: LoginRecipes: "Falling back to a synchronous message for: https://results.puexam.in."
JavaScript warning: https://results.puexam.in/cdn-cgi/scripts/7d0fa10a/cloudflare-static/rocket-loader.min.js, line 1: Script terminated by timeout at:
c@https://results.puexam.in/cdn-cgi/scripts/7d0fa10a/cloudflare-static/rocket-loader.min.js:1:9349

JavaScript warning: https://results.puexam.in/cdn-cgi/scripts/7d0fa10a/cloudflare-static/rocket-loader.min.js, line 1: Script terminated by timeout at:
c@https://results.puexam.in/cdn-cgi/scripts/7d0fa10a/cloudflare-static/rocket-loader.min.js:1:9349

1691938164565	Marionette	INFO	Stopped listening on port 34987
1691938165634	Marionette	INFO	Stopped listening on port 39505
1691938204198	geckodriver	INFO	Listening on 127.0.0.1:52315
1691938204221	mozrunner::runner	INFO	Running command: MOZ_CRASHREPORTER="1" MOZ_CRASHREPORTER_NO_REPORT="1" MOZ_CRASHREPORTER_SHUTDOWN="1" MOZ_NO_REMOTE="1" "/usr ... te" "--remote-debugging-port" "55583" "--remote-allow-hosts" "localhost" "-no-remote" "-profile" "/tmp/rust_mozprofile5vjEkG"
console.warn: services.settings: Ignoring preference override of remote settings server
console.warn: services.settings: Allow by setting MOZ_REMOTE_SETTINGS_DEVTOOLS=1 in the environment

(firefox:82717): Gtk-WARNING **: 20:20:04.399: Theme directory app/symbolic of theme HALO has no size field


(firefox:82717): Gtk-WARNING **: 20:20:04.399: Theme directory minetypes/symbolic of theme HALO has no size field


(firefox:82717): Gtk-WARNING **: 20:20:04.399: Theme directory places/16 of theme HALO has no size field


(firefox:82717): Gtk-WARNING **: 20:20:04.399: Theme directory places/22 of theme HALO has no size field


(firefox:82717): Gtk-WARNING **: 20:20:04.410: Theme file for Breeze has no directories
[GFX1-]: vaapitest: ERROR
[GFX1-]: vaapitest: VA-API test failed: failed to initialise VAAPI connection.

ATTENTION: default value of option mesa_glthread overridden by environment.
ATTENTION: default value of option mesa_glthread overridden by environment.
ATTENTION: default value of option mesa_glthread overridden by environment.
1691938204748	Marionette	INFO	Marionette enabled
1691938204811	Marionette	INFO	Listening on port 35333
WebDriver BiDi listening on ws://127.0.0.1:55583
Read port: 35333
1691938204913	RemoteAgent	WARN	TLS certificate errors will be ignored for this session
console.error: ({})
DevTools listening on ws://127.0.0.1:55583/devtools/browser/e780a846-972e-4c67-9acc-915716c33329
console.warn: LoginRecipes: "Falling back to a synchronous message for: https://results.puexam.in."
JavaScript error: https://results.puexam.in/HomePage.aspx line 1 > injectedScript, line 5: ReferenceError: i is not defined
JavaScript error: https://results.puexam.in/EntranceHome2023.aspx line 1 > injectedScript, line 5: ReferenceError: i is not defined
console.warn: LoginRecipes: "Falling back to a synchronous message for: https://results.puexam.in."
console.warn: LoginRecipes: "Falling back to a synchronous message for: https://results.puexam.in."
console.warn: LoginRecipes: "Falling back to a synchronous message for: https://results.puexam.in."
console.warn: LoginRecipes: "Falling back to a synchronous message for: https://results.puexam.in."
console.error: "update.locale" " file doesn't exist in either the application or GRE directories"
console.warn: LoginRecipes: "Falling back to a synchronous message for: https://results.puexam.in."
JavaScript error: https://results.puexam.in/EntranceHome2022.aspx line 1 > injectedScript, line 5: ReferenceError: i is not defined
console.warn: LoginRecipes: "Falling back to a synchronous message for: https://results.puexam.in."
JavaScript error: https://results.puexam.in/EntranceHome2023.aspx line 1 > injectedScript, line 5: ReferenceError: i is not defined
console.warn: LoginRecipes: "Falling back to a synchronous message for: https://results.puexam.in."
JavaScript error: https://results.puexam.in/EntranceHome2021.aspx line 1 > injectedScript, line 5: ReferenceError: i is not defined
console.warn: LoginRecipes: "Falling back to a synchronous message for: https://results.puexam.in."
JavaScript error: https://results.puexam.in/EntranceHome2022.aspx line 1 > injectedScript, line 5: ReferenceError: i is not defined
console.warn: LoginRecipes: "Falling back to a synchronous message for: https://results.puexam.in."
console.warn: LoginRecipes: "Falling back to a synchronous message for: https://results.puexam.in."
console.warn: LoginRecipes: "Falling back to a synchronous message for: https://results.puexam.in."
console.warn: LoginRecipes: "Falling back to a synchronous message for: https://results.puexam.in."
JavaScript error: https://results.puexam.in/EntranceHome2021.aspx line 1 > injectedScript, line 5: ReferenceError: i is not defined
console.warn: LoginRecipes: "Falling back to a synchronous message for: https://results.puexam.in."
console.warn: LoginRecipes: "Falling back to a synchronous message for: https://results.puexam.in."
console.warn: LoginRecipes: "Falling back to a synchronous message for: https://results.puexam.in."
console.warn: LoginRecipes: "Falling back to a synchronous message for: https://results.puexam.in."
JavaScript error: https://results.puexam.in/EntranceHome2022.aspx line 1 > injectedScript, line 5: ReferenceError: i is not defined
console.warn: LoginRecipes: "Falling back to a synchronous message for: https://results.puexam.in."
console.warn: LoginRecipes: "Falling back to a synchronous message for: https://results.puexam.in."
JavaScript error: https://results.puexam.in/EntranceHome2023.aspx line 1 > injectedScript, line 5: ReferenceError: i is not defined
JavaScript error: https://results.puexam.in/EntranceHome2023.aspx line 1 > injectedScript, line 5: ReferenceError: i is not defined
console.error: "Unable to find target with innerWindowId:6442450974"
console.error: "Unable to find target with innerWindowId:6442450974"
JavaScript error: https://results.puexam.in/EntranceHome2022.aspx line 1 > injectedScript, line 5: ReferenceError: i is not defined
console.error: "Unable to find target with innerWindowId:6442450975"
console.error: "Unable to find target with innerWindowId:6442450975"
JavaScript error: , line 0: NotFoundError: No such JSWindowActor 'DevToolsFrame'
JavaScript warning: https://results.puexam.in/cdn-cgi/scripts/7d0fa10a/cloudflare-static/rocket-loader.min.js, line 1: Script terminated by timeout at:
c@https://results.puexam.in/cdn-cgi/scripts/7d0fa10a/cloudflare-static/rocket-loader.min.js:1:9349
EventListener.handleEvent*t.prototype.patchEventTargetMethods/t.addEventListener@https://results.puexam.in/cdn-cgi/scripts/7d0fa10a/cloudflare-static/rocket-loader.min.js:1:9497
h@https://static.cloudflareinsights.com/beacon.min.js/v8b253dfea2ab4077af8c6f58422dfbfd1689876627854:1:11845
104/M/<@https://static.cloudflareinsights.com/beacon.min.js/v8b253dfea2ab4077af8c6f58422dfbfd1689876627854:1:14046
P@https://static.cloudflareinsights.com/beacon.min.js/v8b253dfea2ab4077af8c6f58422dfbfd1689876627854:1:12573
M@https://static.cloudflareinsights.com/beacon.min.js/v8b253dfea2ab4077af8c6f58422dfbfd1689876627854:1:13805
104/e.onFID@https://static.cloudflareinsights.com/beacon.min.js/v8b253dfea2ab4077af8c6f58422dfbfd1689876627854:1:16832
168/<@https://static.cloudflareinsights.com/beacon.min.js/v8b253dfea2ab4077af8c6f58422dfbfd1689876627854:1:3052
168/<@https://static.cloudflareinsights.com/beacon.min.js/v8b253dfea2ab4077af8c6f58422dfbfd1689876627854:1:8589
168@https://static.cloudflareinsights.com/beacon.min.js/v8b253dfea2ab4077af8c6f58422dfbfd1689876627854:1:8592
n@https://static.cloudflareinsights.com/beacon.min.js/v8b253dfea2ab4077af8c6f58422dfbfd1689876627854:1:19930
@https://static.cloudflareinsights.com/beacon.min.js/v8b253dfea2ab4077af8c6f58422dfbfd1689876627854:1:19970
@https://static.cloudflareinsights.com/beacon.min.js/v8b253dfea2ab4077af8c6f58422dfbfd1689876627854:1:19976

1691939048689	Marionette	INFO	Stopped listening on port 35333
